{"/Users/vikas/Projects/vikas_github/react_default/src/index.js": {"path":"/Users/vikas/Projects/vikas_github/react_default/src/index.js","statementMap":{"0":{"start":{"line":6,"column":0},"end":{"line":6,"column":57}},"1":{"start":{"line":8,"column":0},"end":{"line":8,"column":20}}},"fnMap":{},"branchMap":{},"s":{"0":0,"1":0},"f":{},"b":{},"hash":"0c790e595db78b4a24b32dd3dcdb45ef5073d78a"}
,"/Users/vikas/Projects/vikas_github/react_default/src/components/About.js": {"path":"/Users/vikas/Projects/vikas_github/react_default/src/components/About.js","statementMap":{"0":{"start":{"line":5,"column":4},"end":{"line":5,"column":31}}},"fnMap":{"0":{"name":"(anonymous_0)","decl":{"start":{"line":4,"column":2},"end":{"line":4,"column":3}},"loc":{"start":{"line":4,"column":11},"end":{"line":6,"column":3}},"line":4}},"branchMap":{},"s":{"0":0},"f":{"0":0},"b":{},"_coverageSchema":"43e27e138ebf9cfc5966b082cf9a028302ed4184","hash":"11be82cf3476fedc58b4a2150512a3aa72265cb4"}
,"/Users/vikas/Projects/vikas_github/react_default/src/components/App.js": {"path":"/Users/vikas/Projects/vikas_github/react_default/src/components/App.js","statementMap":{"0":{"start":{"line":7,"column":16},"end":{"line":7,"column":24}},"1":{"start":{"line":9,"column":4},"end":{"line":14,"column":6}}},"fnMap":{"0":{"name":"(anonymous_0)","decl":{"start":{"line":7,"column":16},"end":{"line":7,"column":17}},"loc":{"start":{"line":7,"column":22},"end":{"line":7,"column":24}},"line":7},"1":{"name":"(anonymous_1)","decl":{"start":{"line":8,"column":2},"end":{"line":8,"column":3}},"loc":{"start":{"line":8,"column":11},"end":{"line":15,"column":3}},"line":8}},"branchMap":{},"s":{"0":1,"1":1},"f":{"0":0,"1":1},"b":{},"_coverageSchema":"43e27e138ebf9cfc5966b082cf9a028302ed4184","hash":"938adcd4b3fedc1774c425a37b4429576cb8e537"}
,"/Users/vikas/Projects/vikas_github/react_default/src/components/Home.js": {"path":"/Users/vikas/Projects/vikas_github/react_default/src/components/Home.js","statementMap":{"0":{"start":{"line":6,"column":4},"end":{"line":11,"column":6}}},"fnMap":{"0":{"name":"(anonymous_0)","decl":{"start":{"line":5,"column":2},"end":{"line":5,"column":3}},"loc":{"start":{"line":5,"column":11},"end":{"line":12,"column":3}},"line":5}},"branchMap":{},"s":{"0":1},"f":{"0":1},"b":{},"_coverageSchema":"43e27e138ebf9cfc5966b082cf9a028302ed4184","hash":"51816b41f107b35d9c920af260274e285183a6ce"}
}
